{"level":"error","message":"250 2.0.0 OK  1633010632 x9sm5288025pjp.50 - gsmtp","timestamp":"2021-09-30T14:03:53.315Z"}
{"level":"error","message":"250 2.0.0 OK  1633010774 u6sm3328751pgc.68 - gsmtp","timestamp":"2021-09-30T14:06:15.150Z"}
{"code":"EAUTH","command":"API","level":"error","timestamp":"2021-09-30T14:11:50.435Z"}
{"code":"EAUTH","command":"API","level":"error","timestamp":"2021-09-30T14:12:18.379Z"}
{"code":"EAUTH","command":"API","level":"error","timestamp":"2021-09-30T14:12:42.983Z"}
{"code":"EAUTH","command":"API","level":"error","timestamp":"2021-09-30T14:13:45.803Z"}
{"address":"172.217.194.108","code":"ESOCKET","command":"CONN","errno":-4039,"level":"error","port":587,"syscall":"connect","timestamp":"2021-09-30T14:14:40.617Z"}
{"level":"error","message":"250 2.0.0 OK  1633011353 v7sm2952053pjk.37 - gsmtp","timestamp":"2021-09-30T14:15:54.401Z"}
{"code":"EAUTH","command":"API","level":"error","timestamp":"2021-09-30T14:17:08.986Z"}
{"level":"error","message":"250 2.0.0 OK  1633012926 l11sm4981875pjg.22 - gsmtp","timestamp":"2021-09-30T14:42:07.278Z"}
{"code":"EAUTH","command":"API","level":"error","timestamp":"2021-09-30T14:46:19.494Z"}
{"code":"EAUTH","command":"API","level":"error","timestamp":"2021-09-30T14:48:15.527Z"}
{"level":"error","message":"Invalid email id","timestamp":"2021-09-30T15:22:19.842Z"}
{"level":"error","message":"Invalid email id","timestamp":"2021-09-30T15:24:09.809Z"}
{"level":"error","message":"Invalid email id","timestamp":"2021-09-30T15:24:15.890Z"}
{"level":"error","message":"Internal server error","timestamp":"2021-09-30T15:30:18.093Z"}
{"level":"error","message":"Invalid email id","timestamp":"2021-09-30T15:31:09.319Z"}
{"level":"error","message":"Invalid email id","timestamp":"2021-09-30T15:33:03.573Z"}
{"level":"error","message":"Invalid email id","timestamp":"2021-09-30T15:33:05.657Z"}
{"level":"error","message":"Invalid email id","timestamp":"2021-09-30T15:33:06.864Z"}
{"level":"error","message":"Invalid email id","timestamp":"2021-09-30T15:33:09.285Z"}
{"level":"error","message":"Invalid email id","timestamp":"2021-09-30T15:33:10.286Z"}
{"level":"error","message":"Internal server error","timestamp":"2021-09-30T15:34:11.597Z"}
{"level":"error","message":"Invalid email id","timestamp":"2021-09-30T15:34:36.736Z"}
{"level":"error","message":"Invalid email id","timestamp":"2021-09-30T15:36:54.477Z"}
{"level":"error","message":"Invalid email id","timestamp":"2021-09-30T15:36:56.180Z"}
{"level":"error","message":"Invalid email id","timestamp":"2021-09-30T15:36:57.081Z"}
{"level":"error","message":"Invalid email id","timestamp":"2021-09-30T15:36:57.783Z"}
{"level":"error","message":"Invalid email id","timestamp":"2021-09-30T15:37:00.636Z"}
{"level":"error","message":"Internal server error","timestamp":"2021-09-30T15:38:24.381Z"}
{"level":"error","message":"Internal server error","timestamp":"2021-09-30T15:40:55.888Z"}
{"level":"error","message":"Internal server error","timestamp":"2021-09-30T15:40:58.422Z"}
{"level":"error","message":"Internal server error","timestamp":"2021-09-30T15:40:59.313Z"}
{"level":"error","message":"Invalid email id","timestamp":"2021-09-30T15:42:23.638Z"}
{"code":"EENVELOPE","command":"API","level":"error","timestamp":"2021-09-30T15:43:23.546Z"}
{"level":"error","message":"250 2.0.0 OK  1633016661 i29sm3521927pfk.207 - gsmtp","timestamp":"2021-09-30T15:44:22.767Z"}
{"level":"error","message":"250 2.0.0 OK  1633017072 x12sm3501673pfa.98 - gsmtp","timestamp":"2021-09-30T15:51:13.825Z"}
{"level":"error","message":"250 2.0.0 OK  1633017450 l18sm3712519pfu.202 - gsmtp","timestamp":"2021-09-30T15:57:31.560Z"}
{"level":"error","message":"250 2.0.0 OK  1633017534 b11sm3588746pge.57 - gsmtp","timestamp":"2021-09-30T15:58:55.369Z"}
{"level":"error","message":"250 2.0.0 OK  1633017537 u6sm3359209pgr.3 - gsmtp","timestamp":"2021-09-30T15:58:58.109Z"}
{"level":"error","message":"250 2.0.0 OK  1633017681 k29sm3586811pfp.200 - gsmtp","timestamp":"2021-09-30T16:01:22.334Z"}
{"level":"error","message":"250 2.0.0 OK  1633017684 m12sm3096043pjv.29 - gsmtp","timestamp":"2021-09-30T16:01:25.114Z"}
{"level":"error","message":"Wrong Validation","timestamp":"2021-09-30T16:02:08.485Z"}
{"level":"error","message":"250 2.0.0 OK  1633017756 11sm3404834pfl.41 - gsmtp","timestamp":"2021-09-30T16:02:37.038Z"}
{"level":"error","message":"250 2.0.0 OK  1633017757 u24sm3682888pfm.85 - gsmtp","timestamp":"2021-09-30T16:02:38.717Z"}
{"level":"error","message":"250 2.0.0 OK  1633017791 x71sm3687042pfc.146 - gsmtp","timestamp":"2021-09-30T16:03:12.499Z"}
{"level":"error","message":"250 2.0.0 OK  1633017909 b5sm3148251pjq.2 - gsmtp","timestamp":"2021-09-30T16:05:09.894Z"}
{"level":"error","message":"250 2.0.0 OK  1633017960 3sm2989525pjk.18 - gsmtp","timestamp":"2021-09-30T16:06:01.645Z"}
{"level":"error","message":"250 2.0.0 OK  1633018047 65sm3493090pfu.187 - gsmtp","timestamp":"2021-09-30T16:07:28.210Z"}
{"level":"error","message":"250 2.0.0 OK  1633018100 z4sm3838208pfz.99 - gsmtp","timestamp":"2021-09-30T16:08:21.547Z"}
{"level":"error","message":"250 2.0.0 OK  1633018103 ga22sm1723246pjb.12 - gsmtp","timestamp":"2021-09-30T16:08:23.940Z"}
{"level":"error","message":"250 2.0.0 OK  1633018104 n66sm3668883pfd.21 - gsmtp","timestamp":"2021-09-30T16:08:25.174Z"}
{"level":"error","message":"250 2.0.0 OK  1633018104 q3sm3484503pgf.18 - gsmtp","timestamp":"2021-09-30T16:08:25.624Z"}
{"level":"error","message":"250 2.0.0 OK  1633018105 u6sm3604312pgc.68 - gsmtp","timestamp":"2021-09-30T16:08:26.061Z"}
{"level":"error","message":"250 2.0.0 OK  1633018106 s10sm5265343pjn.38 - gsmtp","timestamp":"2021-09-30T16:08:27.358Z"}
{"level":"error","message":"250 2.0.0 OK  1633018106 17sm3875258pgr.10 - gsmtp","timestamp":"2021-09-30T16:08:27.601Z"}
{"level":"error","message":"250 2.0.0 OK  1633018108 y3sm672544pfq.53 - gsmtp","timestamp":"2021-09-30T16:08:29.392Z"}
{"level":"error","message":"250 2.0.0 OK  1633018108 fz20sm343337pjb.31 - gsmtp","timestamp":"2021-09-30T16:08:29.721Z"}
{"level":"error","message":"250 2.0.0 OK  1633018111 e13sm3480581pfd.205 - gsmtp","timestamp":"2021-09-30T16:08:31.931Z"}
{"level":"error","message":"250 2.0.0 OK  1633018112 d137sm3711683pfd.72 - gsmtp","timestamp":"2021-09-30T16:08:33.521Z"}
{"level":"error","message":"250 2.0.0 OK  1633018116 x20sm3197204pjp.48 - gsmtp","timestamp":"2021-09-30T16:08:36.921Z"}
{"level":"error","message":"250 2.0.0 OK  1633018117 i9sm224532pfd.32 - gsmtp","timestamp":"2021-09-30T16:08:38.331Z"}
{"level":"error","message":"250 2.0.0 OK  1633018154 q16sm3996920pfk.214 - gsmtp","timestamp":"2021-09-30T16:09:15.213Z"}
{"level":"error","message":"250 2.0.0 OK  1633018252 c3sm3637036pgn.76 - gsmtp","timestamp":"2021-09-30T16:10:53.663Z"}
{"level":"error","message":"250 2.0.0 OK  1633018328 j6sm3386691pgh.17 - gsmtp","timestamp":"2021-09-30T16:12:09.668Z"}
{"level":"error","message":"250 2.0.0 OK  1633018476 a7sm2834300pfn.150 - gsmtp","timestamp":"2021-09-30T16:14:37.864Z"}
{"level":"error","message":"250 2.0.0 OK  1633018583 p17sm5279960pjg.54 - gsmtp","timestamp":"2021-09-30T16:16:24.267Z"}
{"level":"error","message":"250 2.0.0 OK  1633018752 y5sm2157769pju.33 - gsmtp","timestamp":"2021-09-30T16:19:12.993Z"}
{"level":"error","message":"250 2.0.0 OK  1633019104 p189sm3621132pfp.167 - gsmtp","timestamp":"2021-09-30T16:25:04.943Z"}
{"level":"error","message":"250 2.0.0 OK  1633019237 u17sm3122108pjn.30 - gsmtp","timestamp":"2021-09-30T16:27:18.499Z"}
{"level":"error","message":"User with email id doesnt exists","timestamp":"2021-09-30T16:28:30.773Z"}
{"level":"error","message":"User with email id doesnt exists","timestamp":"2021-09-30T16:28:30.775Z"}
{"level":"error","message":"User with email id doesnt exists","timestamp":"2021-09-30T16:29:49.199Z"}
{"level":"error","message":"User with email id doesnt exists","timestamp":"2021-09-30T16:29:49.200Z"}
{"level":"error","message":"User with email id doesnt exists","timestamp":"2021-09-30T16:29:51.381Z"}
{"level":"error","message":"User with email id doesnt exists","timestamp":"2021-09-30T16:29:51.391Z"}
{"code":"EENVELOPE","command":"API","level":"error","timestamp":"2021-09-30T16:32:24.824Z"}
{"code":"EENVELOPE","command":"API","level":"error","timestamp":"2021-09-30T16:33:07.331Z"}
{"level":"error","message":"User with email id doesnt exists","timestamp":"2021-09-30T16:34:09.951Z"}
{"level":"error","message":"User with email id doesnt exists","timestamp":"2021-09-30T16:34:09.953Z"}
{"level":"error","message":"User with email id doesnt exists","timestamp":"2021-09-30T16:35:12.087Z"}
{"level":"error","message":"User with email id doesnt exists","timestamp":"2021-09-30T16:35:12.089Z"}
{"code":"EENVELOPE","command":"API","level":"error","timestamp":"2021-09-30T16:35:29.369Z"}
{"code":"EENVELOPE","command":"API","level":"error","timestamp":"2021-09-30T16:36:18.522Z"}
{"code":"EENVELOPE","command":"API","level":"error","timestamp":"2021-09-30T16:37:09.745Z"}
{"code":"EENVELOPE","command":"API","level":"error","timestamp":"2021-09-30T16:38:05.884Z"}
{"level":"error","message":"250 2.0.0 OK  1633019904 x21sm3584441pfa.186 - gsmtp","timestamp":"2021-09-30T16:38:25.721Z"}
{"level":"error","message":"250 2.0.0 OK  1633019939 n12sm3499232pff.166 - gsmtp","timestamp":"2021-09-30T16:39:00.233Z"}
{"level":"error","message":"250 2.0.0 OK  1633019981 g27sm3635425pfk.173 - gsmtp","timestamp":"2021-09-30T16:39:42.533Z"}
{"level":"error","message":"User with email id doesnt exists","timestamp":"2021-09-30T16:41:59.845Z"}
{"level":"error","message":"User with email id doesnt exists","timestamp":"2021-09-30T16:41:59.857Z"}
{"level":"error","message":"250 2.0.0 OK  1633020143 f205sm3644220pfa.92 - gsmtp","timestamp":"2021-09-30T16:42:24.241Z"}
{"level":"error","message":"User with email id doesnt exists","timestamp":"2021-09-30T16:43:52.684Z"}
{"level":"error","message":"User with email id doesnt exists","timestamp":"2021-09-30T16:43:52.685Z"}
{"level":"error","message":"User with email id doesnt exists","timestamp":"2021-09-30T16:44:50.513Z"}
{"level":"error","message":"User with email id doesnt exists","timestamp":"2021-09-30T16:44:50.531Z"}
{"level":"error","message":"Invalid email id","timestamp":"2021-09-30T16:47:53.033Z"}
{"level":"error","message":"Invalid email id","timestamp":"2021-09-30T16:49:58.501Z"}
{"level":"error","message":"Invalid email id","timestamp":"2021-09-30T16:49:59.979Z"}
{"level":"error","message":"Invalid email id","timestamp":"2021-09-30T16:50:01.841Z"}
{"level":"error","message":"Invalid email id","timestamp":"2021-09-30T16:50:02.757Z"}
{"level":"error","message":"Invalid email id","timestamp":"2021-09-30T16:50:03.511Z"}
{"level":"error","message":"Invalid email id","timestamp":"2021-09-30T16:50:04.207Z"}
{"level":"error","message":"Invalid email id","timestamp":"2021-09-30T16:50:04.879Z"}
{"level":"error","message":"Invalid email id","timestamp":"2021-09-30T16:50:09.942Z"}
{"level":"error","message":"250 2.0.0 OK  1633020649 z9sm3616131pfr.124 - gsmtp","timestamp":"2021-09-30T16:50:50.198Z"}
{"address":"142.251.10.109","code":"ESOCKET","command":"CONN","errno":-4039,"level":"error","port":465,"syscall":"connect","timestamp":"2021-09-30T16:52:49.906Z"}
{"level":"error","message":"250 2.0.0 OK  1633020824 h10sm5432174pjs.51 - gsmtp","timestamp":"2021-09-30T16:53:45.063Z"}
{"level":"error","message":"250 2.0.0 OK  1633020851 a13sm3661838pfn.24 - gsmtp","timestamp":"2021-09-30T16:54:11.954Z"}
{"level":"error","message":"250 2.0.0 OK  1633020931 o2sm3559198pgc.47 - gsmtp","timestamp":"2021-09-30T16:55:32.777Z"}
{"level":"error","message":"250 2.0.0 OK  1633021765 t1sm3220984pgf.78 - gsmtp","timestamp":"2021-09-30T17:09:26.398Z"}
{"level":"error","message":"250 2.0.0 OK  1633021787 h13sm3620574pgf.14 - gsmtp","timestamp":"2021-09-30T17:09:47.914Z"}
{"level":"error","message":"250 2.0.0 OK  1633021877 t6sm3730201pfh.63 - gsmtp","timestamp":"2021-09-30T17:11:18.287Z"}
{"level":"error","message":"250 2.0.0 OK  1633021916 26sm4156647pgx.72 - gsmtp","timestamp":"2021-09-30T17:11:57.463Z"}
{"level":"error","message":"250 2.0.0 OK  1633023484 x17sm2474976pfn.169 - gsmtp","timestamp":"2021-09-30T17:38:05.125Z"}
{"level":"error","message":"250 2.0.0 OK  1633023548 u24sm3837504pfm.85 - gsmtp","timestamp":"2021-09-30T17:39:08.976Z"}
{"level":"error","message":"250 2.0.0 OK  1633023608 e8sm3194876pfn.45 - gsmtp","timestamp":"2021-09-30T17:40:09.118Z"}
{"level":"error","message":"250 2.0.0 OK  1633023705 j6sm3596320pgq.0 - gsmtp","timestamp":"2021-09-30T17:41:46.381Z"}
{"level":"error","message":"250 2.0.0 OK  1633023961 l10sm3674749pgn.22 - gsmtp","timestamp":"2021-09-30T17:46:02.024Z"}
{"level":"error","message":"250 2.0.0 OK  1633024138 t9sm5497410pjq.20 - gsmtp","timestamp":"2021-09-30T17:48:59.488Z"}
{"level":"error","message":"250 2.0.0 OK  1633024611 y3sm3827260pfr.140 - gsmtp","timestamp":"2021-09-30T17:56:52.118Z"}
{"level":"error","message":"250 2.0.0 OK  1633024926 t5sm3361200pji.1 - gsmtp","timestamp":"2021-09-30T18:02:07.672Z"}
{"level":"error","message":"250 2.0.0 OK  1633025183 ci18sm3247379pjb.11 - gsmtp","timestamp":"2021-09-30T18:06:24.261Z"}
{"level":"error","message":"250 2.0.0 OK  1633027921 d19sm3810327pfn.102 - gsmtp","timestamp":"2021-09-30T18:52:01.880Z"}
{"address":"74.125.68.108","code":"ESOCKET","command":"CONN","errno":-4039,"level":"error","port":465,"syscall":"connect","timestamp":"2021-09-30T18:52:05.143Z"}
